<?xml version="1.0" encoding="UTF-8"?>
<testsuite hostname="DESKTOP-63PRPP0" name="testsuite.Testcase1" tests="6" failures="0" timestamp="14 Apr 2021 12:32:37 GMT" time="0.097" errors="0">
  <testcase name="test2" time="0.013" classname="testsuite.Testcase1"/>
  <testcase name="othertest" time="0.001" classname="testsuite.Testcase1"/>
  <testcase name="test1" time="0.002" classname="testsuite.Testcase1"/>
  <testcase name="test3" time="0.001" classname="testsuite.Testcase2"/>
  <testcase name="test4" time="0.001" classname="testsuite.Testcase2"/>
  <testcase name="Login" time="0.005" classname="testsuite.LoginTest">
    <skipped/>
  </testcase>
</testsuite>
