<?xml version="1.0" encoding="UTF-8"?>
<testng-results skipped="0" failed="1" total="6" passed="5">
  <reporter-output>
  </reporter-output>
  <suite name="Surefire suite" duration-ms="97" started-at="2021-04-14T18:02:37Z" finished-at="2021-04-14T18:02:37Z">
    <groups>
      <group name="sanity">
        <method signature="testsuite.Testcase2.test3()" name="test3" class="testsuite.Testcase2"/>
      </group>
    </groups>
    <test name="Surefire test" duration-ms="97" started-at="2021-04-14T18:02:37Z" finished-at="2021-04-14T18:02:37Z">
      <class name="testsuite.Testcase2">
        <test-method status="PASS" signature="beforetest()" name="beforetest" is-config="true" duration-ms="29" started-at="2021-04-14T18:02:37Z" finished-at="2021-04-14T18:02:37Z">
        </test-method>
        <test-method status="PASS" signature="test3()" name="test3" duration-ms="1" started-at="2021-04-14T18:02:37Z" finished-at="2021-04-14T18:02:37Z">
        </test-method>
        <test-method status="PASS" signature="beforemethod()" name="beforemethod" is-config="true" duration-ms="0" started-at="2021-04-14T18:02:37Z" finished-at="2021-04-14T18:02:37Z">
        </test-method>
        <test-method status="PASS" signature="aftermethod()" name="aftermethod" is-config="true" duration-ms="1" started-at="2021-04-14T18:02:37Z" finished-at="2021-04-14T18:02:37Z">
        </test-method>
        <test-method status="PASS" signature="beforemethod()" name="beforemethod" is-config="true" duration-ms="1" started-at="2021-04-14T18:02:37Z" finished-at="2021-04-14T18:02:37Z">
        </test-method>
        <test-method status="PASS" signature="test4()" name="test4" duration-ms="1" started-at="2021-04-14T18:02:37Z" finished-at="2021-04-14T18:02:37Z">
        </test-method>
        <test-method status="PASS" signature="aftermethod()" name="aftermethod" is-config="true" duration-ms="1" started-at="2021-04-14T18:02:37Z" finished-at="2021-04-14T18:02:37Z">
        </test-method>
        <test-method status="PASS" signature="aftertest()" name="aftertest" is-config="true" duration-ms="1" started-at="2021-04-14T18:02:37Z" finished-at="2021-04-14T18:02:37Z">
        </test-method>
      </class>
      <class name="testsuite.LoginTest">
        <test-method status="FAIL" signature="Login(java.lang.String, java.lang.String)" name="Login" duration-ms="0" started-at="2021-04-14T18:02:37Z" finished-at="2021-04-14T18:02:37Z">
          <exception class="org.testng.TestNGException">
            <message>
              <![CDATA[
Parameter 'username' is required by @Test on method Login
but has not been marked @Optional or defined ]]>
            </message>
            <full-stacktrace>
              <![CDATA[org.testng.TestNGException: 
Parameter 'username' is required by @Test on method Login
but has not been marked @Optional or defined 
	at org.testng.internal.Parameters.createParameters(Parameters.java:144)
	at org.testng.internal.Parameters.createParameters(Parameters.java:323)
	at org.testng.internal.Parameters.handleParameters(Parameters.java:414)
	at org.testng.internal.Invoker.handleParameters(Invoker.java:1315)
	at org.testng.internal.Invoker.createParameters(Invoker.java:1022)
	at org.testng.internal.Invoker.invokeTestMethods(Invoker.java:1122)
	at org.testng.internal.TestMethodWorker.invokeTestMethods(TestMethodWorker.java:125)
	at org.testng.internal.TestMethodWorker.run(TestMethodWorker.java:109)
	at org.testng.TestRunner.runWorkers(TestRunner.java:1147)
	at org.testng.TestRunner.privateRun(TestRunner.java:749)
	at org.testng.TestRunner.run(TestRunner.java:600)
	at org.testng.SuiteRunner.runTest(SuiteRunner.java:317)
	at org.testng.SuiteRunner.runSequentially(SuiteRunner.java:312)
	at org.testng.SuiteRunner.privateRun(SuiteRunner.java:274)
	at org.testng.SuiteRunner.run(SuiteRunner.java:223)
	at org.testng.SuiteRunnerWorker.runSuite(SuiteRunnerWorker.java:52)
	at org.testng.SuiteRunnerWorker.run(SuiteRunnerWorker.java:86)
	at org.testng.TestNG.runSuitesSequentially(TestNG.java:1039)
	at org.testng.TestNG.runSuitesLocally(TestNG.java:964)
	at org.testng.TestNG.run(TestNG.java:900)
	at org.apache.maven.surefire.testng.TestNGExecutor.run(TestNGExecutor.java:135)
	at org.apache.maven.surefire.testng.TestNGDirectoryTestSuite.executeMulti(TestNGDirectoryTestSuite.java:193)
	at org.apache.maven.surefire.testng.TestNGDirectoryTestSuite.execute(TestNGDirectoryTestSuite.java:94)
	at org.apache.maven.surefire.testng.TestNGProvider.invoke(TestNGProvider.java:146)
	at org.apache.maven.surefire.booter.ForkedBooter.invokeProviderInSameClassLoader(ForkedBooter.java:384)
	at org.apache.maven.surefire.booter.ForkedBooter.runSuitesInProcess(ForkedBooter.java:345)
	at org.apache.maven.surefire.booter.ForkedBooter.execute(ForkedBooter.java:126)
	at org.apache.maven.surefire.booter.ForkedBooter.main(ForkedBooter.java:418)
]]>
            </full-stacktrace>
          </exception>
        </test-method>
      </class>
      <class name="testsuite.Testcase1">
        <test-method status="PASS" signature="test2()" name="test2" duration-ms="13" started-at="2021-04-14T18:02:37Z" description="this is test2" finished-at="2021-04-14T18:02:37Z">
        </test-method>
        <test-method status="PASS" signature="othertest()" name="othertest" duration-ms="1" started-at="2021-04-14T18:02:37Z" depends-on-methods="testsuite.Testcase1.test2" finished-at="2021-04-14T18:02:37Z">
        </test-method>
        <test-method status="PASS" signature="test1()" name="test1" duration-ms="2" started-at="2021-04-14T18:02:37Z" finished-at="2021-04-14T18:02:37Z">
        </test-method>
      </class>
    </test>
  </suite>
</testng-results>
