<?xml version="1.0" encoding="UTF-8"?>
<testng-results skipped="0" failed="0" ignored="0" total="1" passed="1">
  <reporter-output>
  </reporter-output>
  <suite name="MySuite" duration-ms="18807" started-at="2021-04-15T01:08:51 IST" finished-at="2021-04-15T01:09:10 IST">
    <groups>
    </groups>
    <test name="testname" duration-ms="18807" started-at="2021-04-15T01:08:51 IST" finished-at="2021-04-15T01:09:10 IST">
      <class name="testsuite.LoginTest">
        <test-method status="PASS" signature="Setup()[pri:0, instance:testsuite.LoginTest@55d56113]" name="Setup" is-config="true" duration-ms="6904" started-at="2021-04-15T01:08:51 IST" finished-at="2021-04-15T01:08:58 IST">
          <reporter-output>
          </reporter-output>
        </test-method> <!-- Setup -->
        <test-method status="PASS" signature="Login(java.lang.String, java.lang.String)[pri:0, instance:testsuite.LoginTest@55d56113]" name="Login" duration-ms="11046" started-at="2021-04-15T01:08:58 IST" finished-at="2021-04-15T01:09:09 IST">
          <params>
            <param index="0">
              <value>
                <![CDATA[abc@xyz.com]]>
              </value>
            </param>
            <param index="1">
              <value>
                <![CDATA[abc123]]>
              </value>
            </param>
          </params>
          <reporter-output>
          </reporter-output>
        </test-method> <!-- Login -->
        <test-method status="PASS" signature="teardown()[pri:0, instance:testsuite.LoginTest@55d56113]" name="teardown" is-config="true" duration-ms="784" started-at="2021-04-15T01:09:09 IST" finished-at="2021-04-15T01:09:10 IST">
          <reporter-output>
          </reporter-output>
        </test-method> <!-- teardown -->
      </class> <!-- testsuite.LoginTest -->
    </test> <!-- testname -->
  </suite> <!-- MySuite -->
</testng-results>
