<?xml version="1.0" encoding="UTF-8"?>
<testng-results skipped="0" failed="0" ignored="0" total="2" passed="2">
  <reporter-output>
  </reporter-output>
  <suite name="Default suite" duration-ms="23664" started-at="2021-04-14T22:15:56 IST" finished-at="2021-04-14T22:16:19 IST">
    <groups>
    </groups>
    <test name="Default test" duration-ms="23664" started-at="2021-04-14T22:15:56 IST" finished-at="2021-04-14T22:16:19 IST">
      <class name="testsuite.ParallelTest">
        <test-method status="PASS" signature="ChromeTest()[pri:0, instance:testsuite.ParallelTest@23faf8f2]" name="ChromeTest" duration-ms="7445" started-at="2021-04-14T22:15:56 IST" finished-at="2021-04-14T22:16:03 IST">
          <reporter-output>
          </reporter-output>
        </test-method> <!-- ChromeTest -->
        <test-method status="PASS" signature="FirefoxTest()[pri:0, instance:testsuite.ParallelTest@23faf8f2]" name="FirefoxTest" duration-ms="16121" started-at="2021-04-14T22:16:03 IST" finished-at="2021-04-14T22:16:19 IST">
          <reporter-output>
          </reporter-output>
        </test-method> <!-- FirefoxTest -->
      </class> <!-- testsuite.ParallelTest -->
    </test> <!-- Default test -->
  </suite> <!-- Default suite -->
</testng-results>
